<?xml version="1.0" encoding="UTF-8"?>
<!-- Generated by org.testng.reporters.JUnitReportReporter -->
<testsuite hostname="azw-wcauto-01" failures="0" tests="1" name="SeleniumAutomation.CoursesValidation" time="3.165" errors="0" timestamp="13 Aug 2020 14:16:49 GMT" skipped="0">
  <testcase classname="SeleniumAutomation.CoursesValidation" name="TextValidation" time="3.165"/>
</testsuite> <!-- SeleniumAutomation.CoursesValidation -->
