<?xml version="1.0" encoding="UTF-8"?>
<!-- Generated by org.testng.reporters.JUnitReportReporter -->
<testsuite hostname="azw-wcauto-01" failures="0" tests="4" name="TestCases.RehireTerminatedUser_1001" time="28.729" errors="0" timestamp="01 Sep 2020 06:50:02 GMT" skipped="0">
  <testcase classname="TestCases.RehireTerminatedUser_1001" name="ValidateRehireEventTrigger" time="17.728"/>
  <testcase classname="TestCases.RehireTerminatedUser_1001" name="ValidatingEnterpriseDirectoryAttributes" time="9.509"/>
  <testcase classname="TestCases.RehireTerminatedUser_1001" name="ValidatingActiveDirectoryAttributes" time="0.607"/>
  <testcase classname="TestCases.RehireTerminatedUser_1001" name="VerifyEntitlements" time="0.885"/>
</testsuite> <!-- TestCases.RehireTerminatedUser_1001 -->
