<?xml version="1.0" encoding="UTF-8"?>
<!-- Generated by org.testng.reporters.JUnitReportReporter -->
<testsuite hostname="Lenovo" failures="0" tests="1" name="SeleniumAutomation.CoursesValidation" time="0.265" errors="0" timestamp="20 Apr 2020 14:44:31 GMT" skipped="0">
  <testcase classname="SeleniumAutomation.CoursesValidation" name="TextValidation" time="0.265"/>
</testsuite> <!-- SeleniumAutomation.CoursesValidation -->
