<?xml version="1.0" encoding="UTF-8"?>
<!-- Generated by org.testng.reporters.JUnitReportReporter -->
<testsuite hostname="azw-wcauto-01" failures="0" tests="1" name="TestCases.RehireTerminatedUser_1003" time="67.391" errors="0" timestamp="01 Sep 2020 06:50:02 GMT" skipped="0">
  <testcase classname="TestCases.RehireTerminatedUser_1003" name="ValidateRehireEventNotTriggered" time="67.391"/>
</testsuite> <!-- TestCases.RehireTerminatedUser_1003 -->
