<?xml version="1.0" encoding="UTF-8"?>
<!-- Generated by org.testng.reporters.JUnitReportReporter -->
<testsuite hostname="Lenovo" failures="0" tests="1" name="SeleniumAutomation.JoinNowTest" time="12.070" errors="0" timestamp="20 Apr 2020 16:27:17 GMT" skipped="0">
  <testcase classname="SeleniumAutomation.JoinNowTest" name="Test" time="12.070"/>
</testsuite> <!-- SeleniumAutomation.JoinNowTest -->
