<?xml version="1.0" encoding="UTF-8"?>
<!-- Generated by org.testng.reporters.JUnitReportReporter -->
<testsuite hostname="Lenovo" failures="0" tests="1" name="SeleniumAutomation.InvokeTest" time="35.863" errors="0" timestamp="20 Apr 2020 16:27:17 GMT" skipped="0">
  <testcase classname="SeleniumAutomation.InvokeTest" name="invoke" time="35.863"/>
</testsuite> <!-- SeleniumAutomation.InvokeTest -->
